<?xml version="1.0" encoding="UTF-8"?>
<robot generator="Robot 6.1 (Python 3.11.4 on win32)" generated="20230721 12:51:54.339" rpa="false" schemaversion="4">
<suite id="s1" name="01-Teste automatizado" source="C:\Users\Leonardo\Desktop\Teste automatizado\01-Teste_automatizado.robot">
<test id="s1-t1" name="Realizar uma reserva" line="14">
<kw name="Open Browser" library="SeleniumLibrary">
<arg>${URL}</arg>
<arg>chrome</arg>
<doc>Opens a new browser instance to the optional ``url``.</doc>
<msg timestamp="20230721 12:51:54.542" level="INFO">Opening browser 'chrome' to base url 'https://reservas.desbravador.com.br/1111'.</msg>
<status status="PASS" starttime="20230721 12:51:54.542" endtime="20230721 12:51:56.283"/>
</kw>
<kw name="Maximize Browser Window" library="SeleniumLibrary">
<doc>Maximizes current browser window.</doc>
<status status="PASS" starttime="20230721 12:51:56.284" endtime="20230721 12:51:56.393"/>
</kw>
<kw name="Set Selenium Speed" library="SeleniumLibrary">
<arg>0.5</arg>
<doc>Sets the delay that is waited after each Selenium command.</doc>
<status status="PASS" starttime="20230721 12:51:56.393" endtime="20230721 12:51:56.393"/>
</kw>
<kw name="Select Check-in Date">
<arg>01-08-2023</arg>
<msg timestamp="20230721 12:51:56.395" level="FAIL">No keyword with name 'Select Check-in Date' found.</msg>
<status status="FAIL" starttime="20230721 12:51:56.395" endtime="20230721 12:51:56.395"/>
</kw>
<kw name="Select Check-out Date">
<arg>04-08-2023</arg>
<status status="NOT RUN" starttime="20230721 12:51:56.396" endtime="20230721 12:51:56.396"/>
</kw>
<kw name="Input Text" library="SeleniumLibrary">
<arg>//input[contains(@class,'cx padding15 bt2 icone margin10 shadow ')]</arg>
<doc>Types the given ``text`` into the text field identified by ``locator``.</doc>
<status status="NOT RUN" starttime="20230721 12:51:56.396" endtime="20230721 12:51:56.396"/>
</kw>
<kw name="Click Element" library="SeleniumLibrary">
<arg>id=quarto-ST1</arg>
<doc>Click the element identified by ``locator``.</doc>
<status status="NOT RUN" starttime="20230721 12:51:56.396" endtime="20230721 12:51:56.396"/>
</kw>
<kw name="Select From List By Value" library="SeleniumLibrary">
<arg>id=numeroAdultos</arg>
<arg>2</arg>
<doc>Selects options from selection list ``locator`` by ``values``.</doc>
<status status="NOT RUN" starttime="20230721 12:51:56.396" endtime="20230721 12:51:56.397"/>
</kw>
<kw name="Select From List By Value" library="SeleniumLibrary">
<arg>id=numeroCriancas</arg>
<arg>1</arg>
<doc>Selects options from selection list ``locator`` by ``values``.</doc>
<status status="NOT RUN" starttime="20230721 12:51:56.397" endtime="20230721 12:51:56.397"/>
</kw>
<kw name="Input Text" library="SeleniumLibrary">
<arg>id=idadeCriancas</arg>
<arg>5</arg>
<doc>Types the given ``text`` into the text field identified by ``locator``.</doc>
<status status="NOT RUN" starttime="20230721 12:51:56.397" endtime="20230721 12:51:56.397"/>
</kw>
<kw name="Input Text" library="SeleniumLibrary">
<arg>id=nomeHospede</arg>
<arg>Nome do Hóspede</arg>
<doc>Types the given ``text`` into the text field identified by ``locator``.</doc>
<status status="NOT RUN" starttime="20230721 12:51:56.397" endtime="20230721 12:51:56.397"/>
</kw>
<kw name="Input Text" library="SeleniumLibrary">
<arg>id=emailHospede</arg>
<arg>exemplo@email.com</arg>
<doc>Types the given ``text`` into the text field identified by ``locator``.</doc>
<status status="NOT RUN" starttime="20230721 12:51:56.397" endtime="20230721 12:51:56.397"/>
</kw>
<kw name="Input Text" library="SeleniumLibrary">
<arg>id=telefoneHospede</arg>
<arg>123456789</arg>
<doc>Types the given ``text`` into the text field identified by ``locator``.</doc>
<status status="NOT RUN" starttime="20230721 12:51:56.398" endtime="20230721 12:51:56.398"/>
</kw>
<kw name="Input Text" library="SeleniumLibrary">
<arg>id=numeroCartao</arg>
<arg>${NumeroCartao}</arg>
<doc>Types the given ``text`` into the text field identified by ``locator``.</doc>
<status status="NOT RUN" starttime="20230721 12:51:56.398" endtime="20230721 12:51:56.398"/>
</kw>
<kw name="Input Text" library="SeleniumLibrary">
<arg>id=nomeCartao</arg>
<arg>${NomeCartao}</arg>
<doc>Types the given ``text`` into the text field identified by ``locator``.</doc>
<status status="NOT RUN" starttime="20230721 12:51:56.398" endtime="20230721 12:51:56.398"/>
</kw>
<kw name="Input Text" library="SeleniumLibrary">
<arg>id=validadeCartao</arg>
<arg>${ValidadeCartao}</arg>
<doc>Types the given ``text`` into the text field identified by ``locator``.</doc>
<status status="NOT RUN" starttime="20230721 12:51:56.398" endtime="20230721 12:51:56.398"/>
</kw>
<kw name="Input Text" library="SeleniumLibrary">
<arg>id=cvcCartao</arg>
<arg>${CvcCartao}</arg>
<doc>Types the given ``text`` into the text field identified by ``locator``.</doc>
<status status="NOT RUN" starttime="20230721 12:51:56.398" endtime="20230721 12:51:56.398"/>
</kw>
<kw name="Click Element" library="SeleniumLibrary">
<arg>id=finalizarReserva</arg>
<doc>Click the element identified by ``locator``.</doc>
<status status="NOT RUN" starttime="20230721 12:51:56.398" endtime="20230721 12:51:56.398"/>
</kw>
<status status="FAIL" starttime="20230721 12:51:54.541" endtime="20230721 12:51:56.398">No keyword with name 'Select Check-in Date' found.</status>
</test>
<status status="FAIL" starttime="20230721 12:51:54.340" endtime="20230721 12:51:56.399"/>
</suite>
<statistics>
<total>
<stat pass="0" fail="1" skip="0">All Tests</stat>
</total>
<tag>
</tag>
<suite>
<stat pass="0" fail="1" skip="0" id="s1" name="01-Teste automatizado">01-Teste automatizado</stat>
</suite>
</statistics>
<errors>
<msg timestamp="20230721 12:51:54.340" level="ERROR">Error in file 'C:\Users\Leonardo\Desktop\Teste automatizado\01-Teste_automatizado.robot' on line 10: Setting variable '${ValidadeCartao} 12/23' failed: Invalid variable name '${ValidadeCartao} 12/23'.</msg>
</errors>
</robot>
